C:\USERS\DSUZUKI\DOCUMENTS\VISUAL STUDIO 2010\PROJECTS\TESTPROJECTS\DEBUG\MEDIAINFO.EXE
C:\USERS\DSUZUKI\DOCUMENTS\VISUAL STUDIO 2010\PROJECTS\TESTPROJECTS\DEBUG\MEDIAINFO.ILK
C:\USERS\DSUZUKI\DOCUMENTS\VISUAL STUDIO 2010\PROJECTS\TESTPROJECTS\DEBUG\MEDIAINFO.PDB
C:\Users\dsuzuki\Documents\Visual Studio 2010\Projects\TestProjects\MediaInfo\Debug\cl.command.1.tlog
C:\Users\dsuzuki\Documents\Visual Studio 2010\Projects\TestProjects\MediaInfo\Debug\CL.read.1.tlog
C:\Users\dsuzuki\Documents\Visual Studio 2010\Projects\TestProjects\MediaInfo\Debug\CL.write.1.tlog
C:\Users\dsuzuki\Documents\Visual Studio 2010\Projects\TestProjects\MediaInfo\Debug\link.16336.read.1.tlog
C:\Users\dsuzuki\Documents\Visual Studio 2010\Projects\TestProjects\MediaInfo\Debug\link.16336.write.1.tlog
C:\Users\dsuzuki\Documents\Visual Studio 2010\Projects\TestProjects\MediaInfo\Debug\link.16336-cvtres.read.1.tlog
C:\Users\dsuzuki\Documents\Visual Studio 2010\Projects\TestProjects\MediaInfo\Debug\link.16336-cvtres.write.1.tlog
C:\Users\dsuzuki\Documents\Visual Studio 2010\Projects\TestProjects\MediaInfo\Debug\link.command.1.tlog
C:\Users\dsuzuki\Documents\Visual Studio 2010\Projects\TestProjects\MediaInfo\Debug\link.read.1.tlog
C:\Users\dsuzuki\Documents\Visual Studio 2010\Projects\TestProjects\MediaInfo\Debug\link.write.1.tlog
C:\Users\dsuzuki\Documents\Visual Studio 2010\Projects\TestProjects\MediaInfo\Debug\link-cvtres.read.1.tlog
C:\Users\dsuzuki\Documents\Visual Studio 2010\Projects\TestProjects\MediaInfo\Debug\link-cvtres.write.1.tlog
C:\USERS\DSUZUKI\DOCUMENTS\VISUAL STUDIO 2010\PROJECTS\TESTPROJECTS\MEDIAINFO\DEBUG\MEDIAINFO.EXE.EMBED.MANIFEST
C:\USERS\DSUZUKI\DOCUMENTS\VISUAL STUDIO 2010\PROJECTS\TESTPROJECTS\MEDIAINFO\DEBUG\MEDIAINFO.EXE.EMBED.MANIFEST.RES
C:\USERS\DSUZUKI\DOCUMENTS\VISUAL STUDIO 2010\PROJECTS\TESTPROJECTS\MEDIAINFO\DEBUG\MEDIAINFO.EXE.INTERMEDIATE.MANIFEST
C:\USERS\DSUZUKI\DOCUMENTS\VISUAL STUDIO 2010\PROJECTS\TESTPROJECTS\MEDIAINFO\DEBUG\MEDIAINFO.OBJ
C:\USERS\DSUZUKI\DOCUMENTS\VISUAL STUDIO 2010\PROJECTS\TESTPROJECTS\MEDIAINFO\DEBUG\MEDIAINFO.PCH
C:\Users\dsuzuki\Documents\Visual Studio 2010\Projects\TestProjects\MediaInfo\Debug\MediaInfo_manifest.rc
C:\Users\dsuzuki\Documents\Visual Studio 2010\Projects\TestProjects\MediaInfo\Debug\mt.command.1.tlog
C:\Users\dsuzuki\Documents\Visual Studio 2010\Projects\TestProjects\MediaInfo\Debug\mt.read.1.tlog
C:\Users\dsuzuki\Documents\Visual Studio 2010\Projects\TestProjects\MediaInfo\Debug\mt.write.1.tlog
C:\Users\dsuzuki\Documents\Visual Studio 2010\Projects\TestProjects\MediaInfo\Debug\rc.command.1.tlog
C:\Users\dsuzuki\Documents\Visual Studio 2010\Projects\TestProjects\MediaInfo\Debug\rc.read.1.tlog
C:\Users\dsuzuki\Documents\Visual Studio 2010\Projects\TestProjects\MediaInfo\Debug\rc.write.1.tlog
C:\USERS\DSUZUKI\DOCUMENTS\VISUAL STUDIO 2010\PROJECTS\TESTPROJECTS\MEDIAINFO\DEBUG\STDAFX.OBJ
C:\Users\dsuzuki\Documents\Visual Studio 2010\Projects\TestProjects\MediaInfo\Debug\vc100.idb
C:\USERS\DSUZUKI\DOCUMENTS\VISUAL STUDIO 2010\PROJECTS\TESTPROJECTS\MEDIAINFO\DEBUG\VC100.PDB
